make -C libpogo/source all
make[1]: Entering directory `c:/Documents and Settings/michael/My Documents/gba/pogodist-2.0b3-mod5/libpogo/source'
make[1]: Nothing to be done for `all'.
make[1]: Leaving directory `c:/Documents and Settings/michael/My Documents/gba/pogodist-2.0b3-mod5/libpogo/source'
make -C libpogo/source -f Makefile.deb all
make[1]: Entering directory `c:/Documents and Settings/michael/My Documents/gba/pogodist-2.0b3-mod5/libpogo/source'
make[1]: Nothing to be done for `all'.
make[1]: Leaving directory `c:/Documents and Settings/michael/My Documents/gba/pogodist-2.0b3-mod5/libpogo/source'
# make -C tools
make -C data/fonts
make[1]: Entering directory `c:/Documents and Settings/michael/My Documents/gba/pogodist-2.0b3-mod5/data/fonts'
make[1]: Nothing to be done for `all'.
make[1]: Leaving directory `c:/Documents and Settings/michael/My Documents/gba/pogodist-2.0b3-mod5/data/fonts'
make -C shell2 CART=xrom
make[1]: Entering directory `c:/Documents and Settings/michael/My Documents/gba/pogodist-2.0b3-mod5/shell2'
arm-elf-gcc  -Wall -c -fomit-frame-pointer -fno-builtin -mthumb -mthumb-interwork -Wall -g -Os -nostdinc -I../libpogo/include   -c -o bitmap.o bitmap.c
bitmap.c: In function 'bitmap_loadbm':
bitmap.c:490: error: syntax error before 'bm'
make[1]: *** [bitmap.o] Error 1
make[1]: Leaving directory `c:/Documents and Settings/michael/My Documents/gba/pogodist-2.0b3-mod5/shell2'
c:\msys\mingw\bin\make.exe: *** [pogoshell] Error 2
